<?xml version="1.0" encoding="UTF-8"?>
<testng-results skipped="0" failed="0" ignored="0" total="0" passed="0">
  <reporter-output>
  </reporter-output>
  <suite name="Default suite" duration-ms="16" started-at="2020-12-11T13:36:09 GMT" finished-at="2020-12-11T13:36:09 GMT">
    <groups>
    </groups>
    <test name="Default test" duration-ms="16" started-at="2020-12-11T13:36:09 GMT" finished-at="2020-12-11T13:36:09 GMT">
    </test> <!-- Default test -->
  </suite> <!-- Default suite -->
</testng-results>
