<?xml version="1.0" encoding="UTF-8"?>
<testsuite xmlns:xsi="http://www.w3.org/2001/XMLSchema-instance" xsi:noNamespaceSchemaLocation="https://maven.apache.org/surefire/maven-surefire-plugin/xsd/surefire-test-report.xsd" name="runner.TestRunner" time="5.514" tests="31" errors="0" skipped="0" failures="0">
  <properties>
[...]
</properties>
  <testcase name="Given I Set GET Bike api endpoint" classname="Scenario: Get Bike information" time="0"/>
  <testcase name="When I Set request HEADER" classname="Scenario: Get Bike information" time="0"/>
  <testcase name="And Send a GET HTTP request" classname="Scenario: Get Bike information" time="0"/>
  <testcase name="Then I receive valid Response Code 200" classname="Scenario: Get Bike information" time="0"/>
  <testcase name="And Response BODY is non-empty" classname="Scenario: Get Bike information" time="0"/>
  <testcase name="Scenario: Get Bike information" classname="Scenario: Get Bike information" time="0.001"/>
  <testcase name="Given I Set GET Bike api endpoint" classname="| Frankfurt | DE | 50.1072 | 8.66375 |" time="0"/>
  <testcase name="When I Set request HEADER" classname="| Frankfurt | DE | 50.1072 | 8.66375 |" time="0"/>
  <testcase name="And Send a GET HTTP request" classname="| Frankfurt | DE | 50.1072 | 8.66375 |" time="0"/>
  <testcase name="And search response body for city Frankfurt" classname="| Frankfurt | DE | 50.1072 | 8.66375 |" time="0"/>
  <testcase name="Then It should be in Country DE" classname="| Frankfurt | DE | 50.1072 | 8.66375 |" time="0.004"/>
  <testcase name="And I get their corresponding 50.1072 and 8.66375 in response" classname="| Frankfurt | DE | 50.1072 | 8.66375 |" time="0"/>
  <testcase name="| Frankfurt | DE | 50.1072 | 8.66375 |" classname="| Frankfurt | DE | 50.1072 | 8.66375 |" time="0"/>
  <testcase name="Given I Set GET Bike api endpoint" classname="| Moscow | RU | 55.75 | 37.616667 |" time="0.001"/>
  <testcase name="When I Set request HEADER" classname="| Moscow | RU | 55.75 | 37.616667 |" time="0"/>
  <testcase name="And Send a GET HTTP request" classname="| Moscow | RU | 55.75 | 37.616667 |" time="0"/>
  <testcase name="And search response body for city Moscow" classname="| Moscow | RU | 55.75 | 37.616667 |" time="0"/>
  <testcase name="Then It should be in Country RU" classname="| Moscow | RU | 55.75 | 37.616667 |" time="0"/>
  <testcase name="And I get their corresponding 55.75 and 37.616667 in response" classname="| Moscow | RU | 55.75 | 37.616667 |" time="0"/>
  <testcase name="| Moscow | RU | 55.75 | 37.616667 |" classname="| Moscow | RU | 55.75 | 37.616667 |" time="0"/>
  <testcase name="Given I Set GET Bike api endpoint" classname="Scenario: Try to get Country of non listed city" time="0"/>
  <testcase name="When I Set request HEADER" classname="Scenario: Try to get Country of non listed city" time="0"/>
  <testcase name="And Send a GET HTTP request" classname="Scenario: Try to get Country of non listed city" time="0"/>
  <testcase name="And search response body for non listed city &quot;Mumbai&quot;" classname="Scenario: Try to get Country of non listed city" time="0"/>
  <testcase name="Then no Country returned" classname="Scenario: Try to get Country of non listed city" time="0"/>
  <testcase name="Scenario: Try to get Country of non listed city" classname="Scenario: Try to get Country of non listed city" time="0"/>
  <testcase name="Given I Set GET Bike api endpoint" classname="Scenario: Field Filtering in GET request" time="0"/>
  <testcase name="When I Set request HEADER" classname="Scenario: Field Filtering in GET request" time="0"/>
  <testcase name="And Send a GET HTTP request with query paramters for filtering" classname="Scenario: Field Filtering in GET request" time="0"/>
  <testcase name="Then I receive only requested fields in response" classname="Scenario: Field Filtering in GET request" time="0"/>
  <testcase name="Scenario: Field Filtering in GET request" classname="Scenario: Field Filtering in GET request" time="0"/>
</testsuite>